[debug] [2020-11-09T11:53:49.280Z] ----------------------------------------------------------------------
[debug] [2020-11-09T11:53:49.282Z] Command:       /usr/local/bin/node /usr/local/bin/firebase deploy
[debug] [2020-11-09T11:53:49.283Z] CLI Version:   8.15.1
[debug] [2020-11-09T11:53:49.283Z] Platform:      darwin
[debug] [2020-11-09T11:53:49.283Z] Node Version:  v14.15.0
[debug] [2020-11-09T11:53:49.284Z] Time:          Mon Nov 09 2020 19:53:49 GMT+0800 (Singapore Standard Time)
[debug] [2020-11-09T11:53:49.284Z] ----------------------------------------------------------------------
[debug] [2020-11-09T11:53:49.284Z] 
[debug] [2020-11-09T11:53:49.293Z] > command requires scopes: ["email","openid","https://www.googleapis.com/auth/cloudplatformprojects.readonly","https://www.googleapis.com/auth/firebase","https://www.googleapis.com/auth/cloud-platform"]
[debug] [2020-11-09T11:53:49.294Z] > authorizing via signed-in user
[debug] [2020-11-09T11:53:49.294Z] [iam] checking project barcode-50dd3 for permissions ["firebase.projects.get","firebasehosting.sites.update"]
[debug] [2020-11-09T11:53:49.297Z] > refreshing access token with scopes: ["email","https://www.googleapis.com/auth/cloud-platform","https://www.googleapis.com/auth/cloudplatformprojects.readonly","https://www.googleapis.com/auth/firebase","openid"]
[debug] [2020-11-09T11:53:49.297Z] >>> HTTP REQUEST POST https://www.googleapis.com/oauth2/v3/token  
 <request body omitted>
[debug] [2020-11-09T11:54:19.323Z] [iam] error while checking permissions, command may fail: FirebaseError: Authentication Error: Your credentials are no longer valid. Please run firebase login --reauth

For CI servers and headless environments, generate a new token with firebase login:ci
[debug] [2020-11-09T11:54:19.325Z] > refreshing access token with scopes: ["email","https://www.googleapis.com/auth/cloud-platform","https://www.googleapis.com/auth/cloudplatformprojects.readonly","https://www.googleapis.com/auth/firebase","openid"]
[debug] [2020-11-09T11:54:19.326Z] >>> HTTP REQUEST POST https://www.googleapis.com/oauth2/v3/token  
 <request body omitted>
[debug] [2020-11-09T11:57:28.455Z] ----------------------------------------------------------------------
[debug] [2020-11-09T11:57:28.457Z] Command:       /usr/local/bin/node /usr/local/bin/firebase init
[debug] [2020-11-09T11:57:28.457Z] CLI Version:   8.15.1
[debug] [2020-11-09T11:57:28.457Z] Platform:      darwin
[debug] [2020-11-09T11:57:28.457Z] Node Version:  v14.15.0
[debug] [2020-11-09T11:57:28.458Z] Time:          Mon Nov 09 2020 19:57:28 GMT+0800 (Singapore Standard Time)
[debug] [2020-11-09T11:57:28.458Z] ----------------------------------------------------------------------
[debug] [2020-11-09T11:57:28.458Z] 
[debug] [2020-11-09T11:57:28.464Z] > command requires scopes: ["email","openid","https://www.googleapis.com/auth/cloudplatformprojects.readonly","https://www.googleapis.com/auth/firebase","https://www.googleapis.com/auth/cloud-platform"]
[debug] [2020-11-09T11:57:28.464Z] > authorizing via signed-in user
[info] 
     ######## #### ########  ######## ########     ###     ######  ########
     ##        ##  ##     ## ##       ##     ##  ##   ##  ##       ##
     ######    ##  ########  ######   ########  #########  ######  ######
     ##        ##  ##    ##  ##       ##     ## ##     ##       ## ##
     ##       #### ##     ## ######## ########  ##     ##  ######  ########

You're about to initialize a Firebase project in this directory:

  /Users/zhangyu/Documents/barcodescanner-app/barcodescanner-app/barcodescanner

Before we get started, keep in mind:

  * You are initializing in an existing Firebase project directory

[info] 
=== Project Setup
[info] 
[info] First, let's associate this project directory with a Firebase project.
[info] You can create multiple project aliases by running firebase use --add, 
[info] but for now we'll just set up a default project.
[info] 
[info] i  .firebaserc already has a default project, using barcode-50dd3. 
[debug] [2020-11-09T11:58:00.003Z] > refreshing access token with scopes: ["email","https://www.googleapis.com/auth/cloud-platform","https://www.googleapis.com/auth/cloudplatformprojects.readonly","https://www.googleapis.com/auth/firebase","openid"]
[debug] [2020-11-09T11:58:00.004Z] >>> HTTP REQUEST POST https://www.googleapis.com/oauth2/v3/token  
 <request body omitted>
[debug] [2020-11-09T11:58:30.033Z] Authentication Error: Your credentials are no longer valid. Please run firebase login --reauth

For CI servers and headless environments, generate a new token with firebase login:ci
[debug] [2020-11-09T11:58:43.057Z] FirebaseError: Authentication Error: Your credentials are no longer valid. Please run firebase login --reauth

For CI servers and headless environments, generate a new token with firebase login:ci
    at Object.<anonymous> (/usr/local/lib/node_modules/firebase-tools/lib/auth.js:23:32)
    at Module._compile (internal/modules/cjs/loader.js:1063:30)
    at Object.Module._extensions..js (internal/modules/cjs/loader.js:1092:10)
    at Module.load (internal/modules/cjs/loader.js:928:32)
    at Function.Module._load (internal/modules/cjs/loader.js:769:14)
    at Module.require (internal/modules/cjs/loader.js:952:19)
    at require (internal/modules/cjs/helpers.js:88:18)
    at Object.<anonymous> (/usr/local/lib/node_modules/firebase-tools/lib/init/features/hosting/github.js:20:16)
    at Module._compile (internal/modules/cjs/loader.js:1063:30)
    at Object.Module._extensions..js (internal/modules/cjs/loader.js:1092:10)
    at Module.load (internal/modules/cjs/loader.js:928:32)
    at Function.Module._load (internal/modules/cjs/loader.js:769:14)
    at Module.require (internal/modules/cjs/loader.js:952:19)
    at require (internal/modules/cjs/helpers.js:88:18)
    at Object.<anonymous> (/usr/local/lib/node_modules/firebase-tools/lib/init/features/hosting/index.js:7:22)
    at Module._compile (internal/modules/cjs/loader.js:1063:30)
[error] 
[error] Error: Failed to get Firebase project barcode-50dd3. Please make sure the project exists and your account has permission to access it.
